\BOOKMARK [1][-]{section.1}{\376\377\000M\000o\000t\000i\000v\000a\000t\000i\000o\000n}{}% 1
\BOOKMARK [1][-]{section.2}{\376\377\000C\000o\000r\000e\000\040\000F\000r\000a\000m\000e\000w\000o\000r\000k}{}% 2
\BOOKMARK [1][-]{section.3}{\376\377\000R\000e\000l\000a\000t\000i\000o\000n\000s\000h\000i\000p\000\040\000t\000o\000\040\000E\000x\000i\000s\000t\000i\000n\000g\000\040\000M\000o\000d\000e\000l\000s}{}% 3
\BOOKMARK [1][-]{section.4}{\376\377\000M\000o\000d\000e\000l\000i\000n\000g\000\040\000C\000h\000o\000i\000c\000e\000s}{}% 4
\BOOKMARK [2][-]{subsection.4.1}{\376\377\000L\000a\000t\000e\000n\000t\000\040\000W\000o\000r\000k\000s\000p\000a\000c\000e}{section.4}% 5
\BOOKMARK [2][-]{subsection.4.2}{\376\377\000C\000o\000n\000d\000i\000t\000i\000o\000n\000a\000l\000\040\000D\000e\000n\000o\000i\000s\000i\000n\000g\000\040\000T\000r\000a\000n\000s\000i\000t\000i\000o\000n}{section.4}% 6
\BOOKMARK [2][-]{subsection.4.3}{\376\377\000D\000e\000c\000o\000d\000e\000r}{section.4}% 7
\BOOKMARK [1][-]{section.5}{\376\377\000A\000r\000c\000h\000i\000t\000e\000c\000t\000u\000r\000e\000\040\000D\000e\000t\000a\000i\000l\000s}{}% 8
\BOOKMARK [2][-]{subsection.5.1}{\376\377\000T\000o\000k\000e\000n\000i\000z\000a\000t\000i\000o\000n\000\040\000a\000n\000d\000\040\000E\000m\000b\000e\000d\000d\000i\000n\000g\000s}{section.5}% 9
\BOOKMARK [2][-]{subsection.5.2}{\376\377\000C\000o\000n\000d\000i\000t\000i\000o\000n\000a\000l\000\040\000V\000A\000E\000\040\000A\000r\000c\000h\000i\000t\000e\000c\000t\000u\000r\000e}{section.5}% 10
\BOOKMARK [2][-]{subsection.5.3}{\376\377\000L\000a\000t\000e\000n\000t\000\040\000N\000o\000r\000m\000a\000l\000i\000z\000a\000t\000i\000o\000n}{section.5}% 11
\BOOKMARK [2][-]{subsection.5.4}{\376\377\000L\000a\000t\000e\000n\000t\000\040\000F\000l\000o\000w\000\040\000R\000e\000a\000s\000o\000n\000e\000r\000\040\000A\000r\000c\000h\000i\000t\000e\000c\000t\000u\000r\000e}{section.5}% 12
\BOOKMARK [2][-]{subsection.5.5}{\376\377\000Q\000-\000H\000e\000a\000d\000\040\000A\000r\000c\000h\000i\000t\000e\000c\000t\000u\000r\000e}{section.5}% 13
\BOOKMARK [1][-]{section.6}{\376\377\000T\000r\000a\000i\000n\000i\000n\000g\000\040\000O\000b\000j\000e\000c\000t\000i\000v\000e\000s}{}% 14
\BOOKMARK [2][-]{subsection.6.1}{\376\377\000S\000t\000a\000g\000e\000\040\0001\000:\000\040\000C\000o\000n\000d\000i\000t\000i\000o\000n\000a\000l\000\040\000V\000A\000E\000\040\000f\000o\000r\000\040\000S\000o\000l\000u\000t\000i\000o\000n\000\040\000S\000t\000a\000t\000e\000s}{section.6}% 15
\BOOKMARK [2][-]{subsection.6.2}{\376\377\000S\000t\000a\000g\000e\000\040\0002\000:\000\040\000J\000o\000i\000n\000t\000\040\000R\000e\000a\000s\000o\000n\000e\000r\000\040\000a\000n\000d\000\040\000Q\000-\000H\000e\000a\000d\000\040\000T\000r\000a\000i\000n\000i\000n\000g}{section.6}% 16
\BOOKMARK [2][-]{subsection.6.3}{\376\377\000R\000o\000l\000l\000o\000u\000t\000\040\000T\000r\000a\000i\000n\000i\000n\000g}{section.6}% 17
\BOOKMARK [2][-]{subsection.6.4}{\376\377\000I\000n\000t\000e\000r\000m\000e\000d\000i\000a\000t\000e\000\040\000D\000e\000c\000o\000d\000i\000n\000g\000\040\000L\000o\000s\000s\000\040\000\050\000O\000p\000t\000i\000o\000n\000a\000l\000\051}{section.6}% 18
\BOOKMARK [2][-]{subsection.6.5}{\376\377\000J\000o\000i\000n\000t\000\040\000Q\000-\000H\000e\000a\000d\000\040\000L\000o\000s\000s}{section.6}% 19
\BOOKMARK [2][-]{subsection.6.6}{\376\377\000U\000t\000i\000l\000i\000t\000y\000\040\000o\000f\000\040\000t\000h\000e\000\040\000Q\000\040\000H\000e\000a\000d}{section.6}% 20
\BOOKMARK [2][-]{subsection.6.7}{\376\377\000T\000o\000t\000a\000l\000\040\000S\000t\000a\000g\000e\000-\0002\000\040\000O\000b\000j\000e\000c\000t\000i\000v\000e}{section.6}% 21
\BOOKMARK [1][-]{section.7}{\376\377\000I\000n\000f\000e\000r\000e\000n\000c\000e}{}% 22
\BOOKMARK [1][-]{section.8}{\376\377\000F\000i\000r\000s\000t\000\040\000E\000x\000p\000e\000r\000i\000m\000e\000n\000t\000a\000l\000\040\000P\000l\000a\000n}{}% 23
\BOOKMARK [2][-]{subsection.8.1}{\376\377\000S\000t\000a\000r\000t\000\040\000w\000i\000t\000h\000\040\000S\000u\000d\000o\000k\000u}{section.8}% 24
\BOOKMARK [2][-]{subsection.8.2}{\376\377\000S\000u\000d\000o\000k\000u\000\040\000I\000m\000p\000l\000e\000m\000e\000n\000t\000a\000t\000i\000o\000n\000\040\000D\000e\000t\000a\000i\000l\000s}{section.8}% 25
\BOOKMARK [2][-]{subsection.8.3}{\376\377\000T\000h\000e\000n\000\040\000M\000a\000z\000e}{section.8}% 26
\BOOKMARK [2][-]{subsection.8.4}{\376\377\000T\000h\000e\000n\000\040\000A\000R\000C\000-\000S\000t\000y\000l\000e\000\040\000G\000r\000i\000d\000s}{section.8}% 27
\BOOKMARK [1][-]{section.9}{\376\377\000K\000e\000y\000\040\000R\000e\000s\000e\000a\000r\000c\000h\000\040\000Q\000u\000e\000s\000t\000i\000o\000n\000s}{}% 28
\BOOKMARK [1][-]{section.10}{\376\377\000M\000a\000i\000n\000\040\000R\000i\000s\000k\000s}{}% 29
